Using pre-set license
Built from '2021.1/staging' branch; Version is '2021.1.2f1 (e5d502d80fbb) revision 15062274'; Using compiler version '192528614'; Build Type 'Release'
OS: 'Windows 10 Pro; OS build 19041.985; Version 2004; 64bit' Language: 'ja' Physical Memory: 16185 MB
BatchMode: 1, IsHumanControllingUs: 0, StartBugReporterOnCrash: 0, Is64bit: 1, IsPro: 0

 COMMAND LINE ARGUMENTS:
C:\Program Files\Unity\Hub\Editor\2021.1.2f1\Editor\Unity.exe
-adb2
-batchMode
-noUpm
-name
AssetImportWorker0
-projectPath
D:/UnityProjects/Tower/TowerDefence
-logFile
Logs/AssetImportWorker0.log
-srvPort
58903
Successfully changed project path to: D:/UnityProjects/Tower/TowerDefence
D:/UnityProjects/Tower/TowerDefence
Using Asset Import Pipeline V2.
Refreshing native plugins compatible for Editor in 46.10 ms, found 0 plugins.
Preloading 0 native plugins for Editor in 0.00 ms.
Initialize engine version: 2021.1.2f1 (e5d502d80fbb)
[Subsystems] Discovering subsystems at path C:/Program Files/Unity/Hub/Editor/2021.1.2f1/Editor/Data/Resources/UnitySubsystems
[Subsystems] Discovering subsystems at path D:/UnityProjects/Tower/TowerDefence/Assets
GfxDevice: creating device client; threaded=0; jobified=0
Direct3D:
    Version:  Direct3D 11.0 [level 11.1]
    Renderer: NVIDIA GeForce GTX 1660 Ti with Max-Q Design (ID=0x2191)
    Vendor:   NVIDIA
    VRAM:     5991 MB
    Driver:   27.21.14.6230
Shader 'Universal Render Pipeline/Particles/Lit': fallback shader 'Universal Render Pipeline/Particles/SimpleLit' not found
Initialize mono
Mono path[0] = 'C:/Program Files/Unity/Hub/Editor/2021.1.2f1/Editor/Data/Managed'
Mono path[1] = 'C:/Program Files/Unity/Hub/Editor/2021.1.2f1/Editor/Data/MonoBleedingEdge/lib/mono/unityjit'
Mono config path = 'C:/Program Files/Unity/Hub/Editor/2021.1.2f1/Editor/Data/MonoBleedingEdge/etc'
Using monoOptions --debugger-agent=transport=dt_socket,embedding=1,server=y,suspend=n,address=127.0.0.1:56288
Begin MonoManager ReloadAssembly
Registering precompiled unity dll's ...
Register platform support module: C:/Program Files/Unity/Hub/Editor/2021.1.2f1/Editor/Data/PlaybackEngines/WindowsStandaloneSupport/UnityEditor.WindowsStandalone.Extensions.dll
Registered in 0.001850 seconds.
Native extension for WindowsStandalone target not found
Refreshing native plugins compatible for Editor in 58.04 ms, found 0 plugins.
Preloading 0 native plugins for Editor in 0.00 ms.
Mono: successfully reloaded assembly
- Completed reload, in  1.211 seconds
Platform modules already initialized, skipping
Registering precompiled user dll's ...
Registered in 0.001538 seconds.
Begin MonoManager ReloadAssembly
Native extension for WindowsStandalone target not found
Refreshing native plugins compatible for Editor in 97.07 ms, found 0 plugins.
Preloading 0 native plugins for Editor in 0.00 ms.
Mono: successfully reloaded assembly
- Completed reload, in  2.043 seconds
Platform modules already initialized, skipping
========================================================================
Worker process is ready to serve import requests
Shader 'Universal Render Pipeline/Particles/Lit': fallback shader 'Universal Render Pipeline/Particles/SimpleLit' not found
Launched and connected shader compiler UnityShaderCompiler.exe after 0.09 seconds
Refreshing native plugins compatible for Editor in 0.65 ms, found 0 plugins.
Preloading 0 native plugins for Editor in 0.00 ms.
Unloading 2500 Unused Serialized files (Serialized files now loaded: 0)
System memory in use before: 135.2 MB.
System memory in use after: 135.3 MB.

Unloading 9 unused Assets to reduce memory usage. Loaded Objects now: 2969.
Total: 8.506400 ms (FindLiveObjects: 0.859400 ms CreateObjectMapping: 0.558700 ms MarkObjects: 6.774200 ms  DeleteObjects: 0.309300 ms)

========================================================================
Received Import Request.
  path: Assets/ArtWorks/3Dmodels/Textures/StylizedDirt_basecolor.png
  artifactKey: Guid(f81ecb5737001ff4d82aee59aa7cff3e) Importer(815301076,1909f56bfc062723c751e8b465ee728b)
Start importing Assets/ArtWorks/3Dmodels/Textures/StylizedDirt_basecolor.png using Guid(f81ecb5737001ff4d82aee59aa7cff3e) Importer(815301076,1909f56bfc062723c751e8b465ee728b)  -> (artifact id: '3bddbd14a55ac1cfdc42a7abb8b358dc') in 0.356063 seconds 
========================================================================
Received Import Request.
  Time since last request: 37.494029 seconds.
  path: Assets/ArtWorks/3Dmodels/Textures/StylizedDirt_height.png
  artifactKey: Guid(bc7b0f0b0a49f2d45a41fdee3cc80e57) Importer(815301076,1909f56bfc062723c751e8b465ee728b)
Start importing Assets/ArtWorks/3Dmodels/Textures/StylizedDirt_height.png using Guid(bc7b0f0b0a49f2d45a41fdee3cc80e57) Importer(815301076,1909f56bfc062723c751e8b465ee728b)  -> (artifact id: 'b96aca1a98fab244a04e5d22ce95be0e') in 0.020282 seconds 
========================================================================
Received Import Request.
  Time since last request: 1.085838 seconds.
  path: Assets/ArtWorks/3Dmodels/Textures/StylizedDirt_ambientocclusion.png
  artifactKey: Guid(eeb723f7929c0af499da4db585d1e7a7) Importer(815301076,1909f56bfc062723c751e8b465ee728b)
Start importing Assets/ArtWorks/3Dmodels/Textures/StylizedDirt_ambientocclusion.png using Guid(eeb723f7929c0af499da4db585d1e7a7) Importer(815301076,1909f56bfc062723c751e8b465ee728b)  -> (artifact id: '4532258fa7aaf58e42183bceb13bd685') in 0.018990 seconds 
========================================================================
Received Import Request.
  Time since last request: 4.503998 seconds.
  path: Assets/ArtWorks/3Dmodels/Textures/StylizedDirt__512ambientocclusion.png
  artifactKey: Guid(eeb723f7929c0af499da4db585d1e7a7) Importer(815301076,1909f56bfc062723c751e8b465ee728b)
Start importing Assets/ArtWorks/3Dmodels/Textures/StylizedDirt__512ambientocclusion.png using Guid(eeb723f7929c0af499da4db585d1e7a7) Importer(815301076,1909f56bfc062723c751e8b465ee728b)  -> (artifact id: '0609dcf4e4733289cdf878612ef914e0') in 0.020984 seconds 
========================================================================
Received Import Request.
  Time since last request: 5.813802 seconds.
  path: Assets/ArtWorks/3Dmodels/Textures/StylizedDirt_512_ambientocclusion.png
  artifactKey: Guid(eeb723f7929c0af499da4db585d1e7a7) Importer(815301076,1909f56bfc062723c751e8b465ee728b)
Start importing Assets/ArtWorks/3Dmodels/Textures/StylizedDirt_512_ambientocclusion.png using Guid(eeb723f7929c0af499da4db585d1e7a7) Importer(815301076,1909f56bfc062723c751e8b465ee728b)  -> (artifact id: '852c939b0383a5270a2e78c0ad49ae08') in 0.012418 seconds 
AssetImportWorkerClient::OnTransportError - code=2 error=End of file
