Using pre-set license
Built from '2021.1/staging' branch; Version is '2021.1.2f1 (e5d502d80fbb) revision 15062274'; Using compiler version '192528614'; Build Type 'Release'
OS: 'Windows 10 Pro; OS build 19041.985; Version 2004; 64bit' Language: 'ja' Physical Memory: 16185 MB
BatchMode: 1, IsHumanControllingUs: 0, StartBugReporterOnCrash: 0, Is64bit: 1, IsPro: 0

 COMMAND LINE ARGUMENTS:
C:\Program Files\Unity\Hub\Editor\2021.1.2f1\Editor\Unity.exe
-adb2
-batchMode
-noUpm
-name
AssetImportWorker0
-projectPath
D:/UnityProjects/Tower/TowerDefence
-logFile
Logs/AssetImportWorker0.log
-srvPort
55321
Successfully changed project path to: D:/UnityProjects/Tower/TowerDefence
D:/UnityProjects/Tower/TowerDefence
Using Asset Import Pipeline V2.
Refreshing native plugins compatible for Editor in 108.32 ms, found 0 plugins.
Preloading 0 native plugins for Editor in 0.00 ms.
Initialize engine version: 2021.1.2f1 (e5d502d80fbb)
[Subsystems] Discovering subsystems at path C:/Program Files/Unity/Hub/Editor/2021.1.2f1/Editor/Data/Resources/UnitySubsystems
[Subsystems] Discovering subsystems at path D:/UnityProjects/Tower/TowerDefence/Assets
GfxDevice: creating device client; threaded=0; jobified=0
Direct3D:
    Version:  Direct3D 11.0 [level 11.1]
    Renderer: NVIDIA GeForce GTX 1660 Ti with Max-Q Design (ID=0x2191)
    Vendor:   NVIDIA
    VRAM:     5991 MB
    Driver:   27.21.14.6230
Shader 'Universal Render Pipeline/Particles/Lit': fallback shader 'Universal Render Pipeline/Particles/SimpleLit' not found
Initialize mono
Mono path[0] = 'C:/Program Files/Unity/Hub/Editor/2021.1.2f1/Editor/Data/Managed'
Mono path[1] = 'C:/Program Files/Unity/Hub/Editor/2021.1.2f1/Editor/Data/MonoBleedingEdge/lib/mono/unityjit'
Mono config path = 'C:/Program Files/Unity/Hub/Editor/2021.1.2f1/Editor/Data/MonoBleedingEdge/etc'
Using monoOptions --debugger-agent=transport=dt_socket,embedding=1,server=y,suspend=n,address=127.0.0.1:56200
Begin MonoManager ReloadAssembly
Registering precompiled unity dll's ...
Register platform support module: C:/Program Files/Unity/Hub/Editor/2021.1.2f1/Editor/Data/PlaybackEngines/WindowsStandaloneSupport/UnityEditor.WindowsStandalone.Extensions.dll
Registered in 0.003366 seconds.
Native extension for WindowsStandalone target not found
Refreshing native plugins compatible for Editor in 49.87 ms, found 0 plugins.
Preloading 0 native plugins for Editor in 0.00 ms.
Mono: successfully reloaded assembly
- Completed reload, in  1.992 seconds
Platform modules already initialized, skipping
Registering precompiled user dll's ...
Registered in 0.000693 seconds.
Begin MonoManager ReloadAssembly
Native extension for WindowsStandalone target not found
Refreshing native plugins compatible for Editor in 59.40 ms, found 0 plugins.
Preloading 0 native plugins for Editor in 0.00 ms.
Mono: successfully reloaded assembly
- Completed reload, in  1.526 seconds
Platform modules already initialized, skipping
========================================================================
Worker process is ready to serve import requests
Shader 'Universal Render Pipeline/Particles/Lit': fallback shader 'Universal Render Pipeline/Particles/SimpleLit' not found
Launched and connected shader compiler UnityShaderCompiler.exe after 0.04 seconds
Refreshing native plugins compatible for Editor in 0.43 ms, found 0 plugins.
Preloading 0 native plugins for Editor in 0.00 ms.
Unloading 2507 Unused Serialized files (Serialized files now loaded: 0)
System memory in use before: 205.2 MB.
System memory in use after: 205.4 MB.

Unloading 9 unused Assets to reduce memory usage. Loaded Objects now: 2977.
Total: 2.232500 ms (FindLiveObjects: 0.235400 ms CreateObjectMapping: 0.181700 ms MarkObjects: 1.696700 ms  DeleteObjects: 0.117700 ms)

========================================================================
Received Import Request.
  path: Assets/Assestore/Stylizer/Scenes/ApocalypseScenes/Apocalypse_1.unity
  artifactKey: Guid(436cf53f4813ff0489aa5ddf599b48d9) Importer(815301076,1909f56bfc062723c751e8b465ee728b)
Start importing Assets/Assestore/Stylizer/Scenes/ApocalypseScenes/Apocalypse_1.unity using Guid(436cf53f4813ff0489aa5ddf599b48d9) Importer(815301076,1909f56bfc062723c751e8b465ee728b)  -> (artifact id: '2f789fcd73378ac5294052af73129c79') in 0.010958 seconds 
========================================================================
Received Import Request.
  Time since last request: 0.000393 seconds.
  path: Assets/Assestore/Stylizer/Scenes/DetectiveScenes/Detective_1A.unity
  artifactKey: Guid(1f3d7f3fb957ed04f9cfa5df30a0b7da) Importer(815301076,1909f56bfc062723c751e8b465ee728b)
Start importing Assets/Assestore/Stylizer/Scenes/DetectiveScenes/Detective_1A.unity using Guid(1f3d7f3fb957ed04f9cfa5df30a0b7da) Importer(815301076,1909f56bfc062723c751e8b465ee728b)  -> (artifact id: '67894df34b81dbf9528d5ee40abffa38') in 0.001789 seconds 
========================================================================
Received Import Request.
  Time since last request: 0.000204 seconds.
  path: Assets/Assestore/Stylizer/Scenes/DetectiveScenes
  artifactKey: Guid(e22a225396d545042ae0fcca023b1a93) Importer(815301076,1909f56bfc062723c751e8b465ee728b)
Start importing Assets/Assestore/Stylizer/Scenes/DetectiveScenes using Guid(e22a225396d545042ae0fcca023b1a93) Importer(815301076,1909f56bfc062723c751e8b465ee728b)  -> (artifact id: 'd8d3963edcc5710a1d8f1434df35d733') in 0.001966 seconds 
========================================================================
Received Import Request.
  Time since last request: 131.025445 seconds.
  path: Assets/Stylizer 1/Scenes/DetectiveScenes/Detective_1A.unity
  artifactKey: Guid(1f3d7f3fb957ed04f9cfa5df30a0b7da) Importer(815301076,1909f56bfc062723c751e8b465ee728b)
Start importing Assets/Stylizer 1/Scenes/DetectiveScenes/Detective_1A.unity using Guid(1f3d7f3fb957ed04f9cfa5df30a0b7da) Importer(815301076,1909f56bfc062723c751e8b465ee728b)  -> (artifact id: 'b74374cd1640acdb5375052e9a5d7b20') in 0.005576 seconds 
========================================================================
Received Import Request.
  Time since last request: 4.518380 seconds.
  path: Assets/Stylizer 1/Scenes/ApocalypseScenes/Apocalypse_1.unity
  artifactKey: Guid(436cf53f4813ff0489aa5ddf599b48d9) Importer(815301076,1909f56bfc062723c751e8b465ee728b)
Start importing Assets/Stylizer 1/Scenes/ApocalypseScenes/Apocalypse_1.unity using Guid(436cf53f4813ff0489aa5ddf599b48d9) Importer(815301076,1909f56bfc062723c751e8b465ee728b)  -> (artifact id: '43bf90cdc92e824af96b50720bcb3221') in 0.004986 seconds 
========================================================================
Received Import Request.
  Time since last request: 2.577329 seconds.
  path: Assets/Stylizer 1/Scenes/ApocalypseScenes/Apocalypse_2.unity
  artifactKey: Guid(f55cde2df6b1ecc41a8ad85beecdbb6a) Importer(815301076,1909f56bfc062723c751e8b465ee728b)
Start importing Assets/Stylizer 1/Scenes/ApocalypseScenes/Apocalypse_2.unity using Guid(f55cde2df6b1ecc41a8ad85beecdbb6a) Importer(815301076,1909f56bfc062723c751e8b465ee728b)  -> (artifact id: 'efb0db00c3dca4c789502e062fc9ee06') in 0.005238 seconds 
========================================================================
Received Import Request.
  Time since last request: 4.196648 seconds.
  path: Assets/Stylizer 1/URP/Stylizer - Extended - URP.unitypackage
  artifactKey: Guid(765e263c56a66a34d98b3d090c9e39d1) Importer(815301076,1909f56bfc062723c751e8b465ee728b)
Start importing Assets/Stylizer 1/URP/Stylizer - Extended - URP.unitypackage using Guid(765e263c56a66a34d98b3d090c9e39d1) Importer(815301076,1909f56bfc062723c751e8b465ee728b)  -> (artifact id: 'e3f9add6a638eb57d1176892095082ef') in 0.036704 seconds 
========================================================================
Received Import Request.
  Time since last request: 44.999485 seconds.
  path: Assets/Stylizer 1/Scenes/DetectiveScenes/Detective_1A.unity
  artifactKey: Guid(1f3d7f3fb957ed04f9cfa5df30a0b7da) Importer(815301076,1909f56bfc062723c751e8b465ee728b)
Start importing Assets/Stylizer 1/Scenes/DetectiveScenes/Detective_1A.unity using Guid(1f3d7f3fb957ed04f9cfa5df30a0b7da) Importer(815301076,1909f56bfc062723c751e8b465ee728b)  -> (artifact id: '5e8130e8cf8b407e302e02e1204af118') in 0.004344 seconds 
========================================================================
Received Import Request.
  Time since last request: 3.196806 seconds.
  path: Assets/Stylizer 1/Scenes/ApocalypseScenes/Apocalypse_1.unity
  artifactKey: Guid(436cf53f4813ff0489aa5ddf599b48d9) Importer(815301076,1909f56bfc062723c751e8b465ee728b)
Start importing Assets/Stylizer 1/Scenes/ApocalypseScenes/Apocalypse_1.unity using Guid(436cf53f4813ff0489aa5ddf599b48d9) Importer(815301076,1909f56bfc062723c751e8b465ee728b)  -> (artifact id: '54ab3821c7e09068180fbc06e540a9cc') in 0.004327 seconds 
AssetImportWorkerClient::OnTransportError - code=2 error=End of file
