
=== Tue Apr 13 01:05:52 2021

Packages were changed.
Update Mode: updateDependencies

The following packages were updated:
  com.unity.collab-proxy from version 1.3.8 to 1.3.9
  com.unity.ide.rider from version 1.2.1 to 3.0.5
  com.unity.ide.visualstudio from version 2.0.2 to 2.0.7
  com.unity.ide.vscode from version 1.2.1 to 1.2.3
  com.unity.render-pipelines.universal from version 8.2.0 to 11.0.0
  com.unity.test-framework from version 1.1.16 to 1.1.24
  com.unity.textmeshpro from version 3.0.1 to 3.0.4
  com.unity.timeline from version 1.3.4 to 1.5.4

=== Tue Apr 13 01:08:15 2021

Packages were changed.
Update Mode: updateDependencies

The following packages were updated:
  com.unity.collab-proxy from version 1.3.8 to 1.3.9
  com.unity.ide.rider from version 1.2.1 to 3.0.5
  com.unity.ide.visualstudio from version 2.0.2 to 2.0.7
  com.unity.ide.vscode from version 1.2.1 to 1.2.3
  com.unity.render-pipelines.universal from version 8.2.0 to 11.0.0
  com.unity.test-framework from version 1.1.16 to 1.1.24
  com.unity.textmeshpro from version 3.0.1 to 3.0.4
  com.unity.timeline from version 1.3.4 to 1.5.4
